Thu Dec  8 21:10:22 2022//Error: Entered wrong value
Thu Dec  8 21:17:40 2022//Error: Entered wrong value
Thu Dec  8 23:03:13 2022//Error: File not found
Thu Dec  8 23:08:12 2022//Error: Value wrong
Fri Dec  9 00:34:22 2022//Error: Value wrong
Fri Dec  9 00:35:07 2022//Error: Value wrong
Fri Dec  9 01:54:14 2022//Error: Value wrong
Fri Dec  9 01:55:24 2022//Error: Value wrong
Fri Dec  9 01:56:28 2022//Error: Value wrong
Fri Dec  9 01:57:10 2022//Error: Value wrong
Fri Dec  9 02:00:52 2022//Error: Value wrong
Fri Dec  9 02:01:45 2022//Error: Value wrong
Fri Dec  9 02:02:42 2022//Error: Value wrong
Fri Dec  9 02:03:11 2022//Error: Value wrong
Fri Dec  9 03:20:02 2022//Error: Value wrong
Fri Dec  9 03:26:01 2022//Error: Value wrong
Fri Dec  9 03:26:25 2022//Error: Value wrong
Fri Dec  9 19:27:33 2022//Error: Entered wrong value
Fri Dec  9 20:19:41 2022//Error: Malformed data
Fri Dec  9 20:20:59 2022//Error: Malformed data
Fri Dec  9 20:21:40 2022//Error: File not found